[2023/08/07 02:20:33] [ACTIVITY][/dashboard] Unauthorized User detected!
Redirected to login.
IP-> [::1]
[2023/08/07 03:30:08] [ACTIVITY][/api/login] LoginExcepiton
        ->cabbar31
        ->3131
        Invalid Password!
[2023/08/07 03:30:09] [ACTIVITY][/api/login] LoginExcepiton
        ->cabbar31
        ->313131
        Invalid Password!
[2023/08/07 03:30:13] [ACTIVITY][/api/login] LoginExcepiton
        ->cabbar31
        ->cabbar31
        Invalid Password!
[2023/08/07 04:24:06] [ACTIVITY][/dashboard] Unauthorized User detected!
Redirected to login.
IP-> [::1]
[2023/08/07 15:00:50] [ACTIVITY][/dashboard] Unauthorized User detected!
Redirected to login.
IP-> [::1]
[2023/08/07 15:05:05] [ACTIVITY][/api/login] LoginExcepiton
        ->cabbar31
        ->31
        Invalid Password!
[2023/08/07 16:20:05] [ACTIVITY][/api/login] LoginExcepiton
        ->Khaalesi
        ->KHAALESİ31
        Invalid Password!
