[2023/08/07 02:52:45] [INFO][/api/login] User Logged in -> byk1lla-31072023045956-4ctFr
[2023/08/07 03:30:03] [INFO][/dashboard] User Logged out -> byk1lla-31072023045956-4ctFr
[2023/08/07 03:30:16] [INFO][/api/login] User Logged in -> cabbar31-03082023151134-k1XQq
[2023/08/07 03:32:12] [INFO][/dashboard] User Logged out -> cabbar31-03082023151134-k1XQq
[2023/08/07 03:32:15] [INFO][/api/login] User Logged in -> byk1lla-31072023045956-4ctFr
[2023/08/07 04:12:09] [INFO][/dashboard] User Logged out -> byk1lla-31072023045956-4ctFr
[2023/08/07 04:12:36] [INFO][/api/login] User Logged in -> byk1lla-31072023045956-4ctFr
[2023/08/07 04:13:55] [INFO][/dashboard] User Logged out -> byk1lla-31072023045956-4ctFr
[2023/08/07 04:24:22] [INFO][/api/login] User Logged in -> cabbar31-03082023151134-k1XQq
[2023/08/07 15:00:33] [INFO][/dashboard] User Logged out -> cabbar31-03082023151134-k1XQq
[2023/08/07 15:02:07] [INFO][/api/login] User Logged in -> byk1lla-31072023045956-4ctFr
[2023/08/07 15:05:02] [INFO][/dashboard] User Logged out -> byk1lla-31072023045956-4ctFr
[2023/08/07 15:05:08] [INFO][/api/login] User Logged in -> cabbar31-03082023151134-k1XQq
[2023/08/07 15:10:17] [INFO][/dashboard] User Logged out -> cabbar31-03082023151134-k1XQq
[2023/08/07 15:19:07] [INFO][/api/login] User Logged in -> byk1lla-31072023045956-4ctFr
[2023/08/07 16:19:52] [INFO][/api/register] New Register!
IP ->[::1]
ID->[07082023181952-hcS4z]
[2023/08/07 16:20:10] [INFO][/api/login] User Logged in -> Khaalesi-07082023181952-hcS4z
[2023/08/07 16:21:39] [INFO][/dashboard] User Logged out -> Khaalesi-07082023181952-hcS4z
[2023/08/07 17:29:50] [INFO][/api/register] New Register!
IP ->[::1]
ID->[07082023192950-NxGMm]
[2023/08/07 17:30:00] [INFO][/api/login] User Logged in -> deathwarrior-07082023192950-NxGMm
