[2023/08/15 03:23:28] [SYSTEM][/u/byk1lla] Username Fetched!
        ->byk1lla
        result: True
[2023/08/15 03:23:39] [SYSTEM][/u/cabbar31] Username Fetched!
        ->cabbar31
        result: True
[2023/08/15 03:23:40] [SYSTEM][/u/cabbar31] Username Fetched!
        ->cabbar31
        result: True
[2023/08/15 03:28:08] [SYSTEM][/u/cabbar31] Username Fetched!
        ->cabbar31
        result: True
[2023/08/15 03:28:10] [SYSTEM][/u/cabbar31] Username Fetched!
        ->cabbar31
        result: True
[2023/08/15 03:29:03] [SYSTEM][/u/cabbar31] Username Fetched!
        ->cabbar31
        result: True
[2023/08/15 03:29:03] [SYSTEM][/u/cabbar31] Username Fetched!
        ->cabbar31
        result: True
[2023/08/15 03:30:16] [SYSTEM][/u/cabbar31] Username Fetched!
        ->cabbar31
        result: True
[2023/08/15 03:30:18] [SYSTEM][/u/cabbar31] Username Fetched!
        ->cabbar31
        result: True
[2023/08/15 03:30:18] [SYSTEM][/u/cabbar31] Username Fetched!
        ->cabbar31
        result: True
[2023/08/15 03:30:18] [SYSTEM][/u/cabbar31] Username Fetched!
        ->cabbar31
        result: True
[2023/08/15 03:30:44] [SYSTEM][/u/cabbar31] Username Fetched!
        ->cabbar31
        result: True
[2023/08/15 03:31:05] [SYSTEM][/u/cabbar31] Username Fetched!
        ->cabbar31
        result: True
[2023/08/15 03:31:06] [SYSTEM][/u/cabbar31] Username Fetched!
        ->cabbar31
        result: True
[2023/08/15 03:31:06] [SYSTEM][/u/cabbar31] Username Fetched!
        ->cabbar31
        result: True
[2023/08/15 03:31:06] [SYSTEM][/u/cabbar31] Username Fetched!
        ->cabbar31
        result: True
[2023/08/15 03:31:45] [SYSTEM][/u/cabbar31] Username Fetched!
        ->cabbar31
        result: True
[2023/08/15 03:31:46] [SYSTEM][/u/cabbar31] Username Fetched!
        ->cabbar31
        result: True
[2023/08/15 03:31:47] [SYSTEM][/u/cabbar31] Username Fetched!
        ->cabbar31
        result: True
[2023/08/15 03:31:48] [SYSTEM][/u/cabbar31] Username Fetched!
        ->cabbar31
        result: True
[2023/08/15 03:31:48] [SYSTEM][/u/cabbar31] Username Fetched!
        ->cabbar31
        result: True
[2023/08/15 03:31:48] [SYSTEM][/u/cabbar31] Username Fetched!
        ->cabbar31
        result: True
[2023/08/15 03:31:49] [SYSTEM][/u/cabbar31] Username Fetched!
        ->cabbar31
        result: True
[2023/08/15 03:33:49] [SYSTEM][/u/cabbar31] Username Fetched!
        ->cabbar31
        result: True
[2023/08/15 03:33:50] [SYSTEM][/u/cabbar31] Username Fetched!
        ->cabbar31
        result: True
[2023/08/15 03:33:50] [SYSTEM][/u/cabbar31] Username Fetched!
        ->cabbar31
        result: True
[2023/08/15 03:33:50] [SYSTEM][/u/cabbar31] Username Fetched!
        ->cabbar31
        result: True
[2023/08/15 03:36:11] [SYSTEM][/u/cabbar31] Username Fetched!
        ->cabbar31
        result: True
[2023/08/15 03:36:12] [SYSTEM][/u/cabbar31] Username Fetched!
        ->cabbar31
        result: True
[2023/08/15 03:36:12] [SYSTEM][/u/cabbar31] Username Fetched!
        ->cabbar31
        result: True
[2023/08/15 03:36:13] [SYSTEM][/u/cabbar31] Username Fetched!
        ->cabbar31
        result: True
[2023/08/15 03:36:35] [SYSTEM][/u/cabbar31] Username Fetched!
        ->cabbar31
        result: True
[2023/08/15 03:36:36] [SYSTEM][/u/cabbar31] Username Fetched!
        ->cabbar31
        result: True
[2023/08/15 03:36:36] [SYSTEM][/u/cabbar31] Username Fetched!
        ->cabbar31
        result: True
[2023/08/15 03:36:36] [SYSTEM][/u/cabbar31] Username Fetched!
        ->cabbar31
        result: True
[2023/08/15 03:36:37] [SYSTEM][/u/cabbar31] Username Fetched!
        ->cabbar31
        result: True
[2023/08/15 03:39:45] [SYSTEM][/u/cabbar31] Username Fetched!
        ->cabbar31
        result: True
[2023/08/15 03:39:46] [SYSTEM][/u/cabbar31] Username Fetched!
        ->cabbar31
        result: True
[2023/08/15 03:39:46] [SYSTEM][/u/cabbar31] Username Fetched!
        ->cabbar31
        result: True
[2023/08/15 03:40:07] [SYSTEM][/u/cabbar31] Username Fetched!
        ->cabbar31
        result: True
[2023/08/15 03:40:07] [SYSTEM][/u/cabbar31] Username Fetched!
        ->cabbar31
        result: True
[2023/08/15 03:40:07] [SYSTEM][/u/cabbar31] Username Fetched!
        ->cabbar31
        result: True
[2023/08/15 03:40:07] [SYSTEM][/u/cabbar31] Username Fetched!
        ->cabbar31
        result: True
[2023/08/15 03:40:08] [SYSTEM][/u/cabbar31] Username Fetched!
        ->cabbar31
        result: True
[2023/08/15 03:40:08] [SYSTEM][/u/cabbar31] Username Fetched!
        ->cabbar31
        result: True
[2023/08/15 03:40:12] [SYSTEM][/u/cabbar31] Username Fetched!
        ->cabbar31
        result: True
[2023/08/15 03:40:12] [SYSTEM][/u/cabbar31] Username Fetched!
        ->cabbar31
        result: True
[2023/08/15 03:40:12] [SYSTEM][/u/cabbar31] Username Fetched!
        ->cabbar31
        result: True
[2023/08/15 03:40:13] [SYSTEM][/u/cabbar31] Username Fetched!
        ->cabbar31
        result: True
[2023/08/15 03:40:14] [SYSTEM][/u/cabbar31] Username Fetched!
        ->cabbar31
        result: True
[2023/08/15 03:40:16] [SYSTEM][/u/cabbar31] Username Fetched!
        ->cabbar31
        result: True
[2023/08/15 03:40:16] [SYSTEM][/u/cabbar31] Username Fetched!
        ->cabbar31
        result: True
[2023/08/15 03:40:17] [SYSTEM][/u/cabbar31] Username Fetched!
        ->cabbar31
        result: True
[2023/08/15 03:40:17] [SYSTEM][/u/cabbar31] Username Fetched!
        ->cabbar31
        result: True
[2023/08/15 03:40:31] [SYSTEM][/u/cabbar31] Username Fetched!
        ->cabbar31
        result: True
[2023/08/15 03:40:31] [SYSTEM][/u/cabbar31] Username Fetched!
        ->cabbar31
        result: True
[2023/08/15 03:40:31] [SYSTEM][/u/cabbar31] Username Fetched!
        ->cabbar31
        result: True
[2023/08/15 03:40:32] [SYSTEM][/u/cabbar31] Username Fetched!
        ->cabbar31
        result: True
[2023/08/15 03:40:32] [SYSTEM][/u/cabbar31] Username Fetched!
        ->cabbar31
        result: True
[2023/08/15 03:40:46] [SYSTEM][/u/cabbar31] Username Fetched!
        ->cabbar31
        result: True
[2023/08/15 03:40:46] [SYSTEM][/u/cabbar31] Username Fetched!
        ->cabbar31
        result: True
[2023/08/15 03:40:46] [SYSTEM][/u/cabbar31] Username Fetched!
        ->cabbar31
        result: True
[2023/08/15 03:40:46] [SYSTEM][/u/cabbar31] Username Fetched!
        ->cabbar31
        result: True
[2023/08/15 03:40:47] [SYSTEM][/u/cabbar31] Username Fetched!
        ->cabbar31
        result: True
[2023/08/15 03:40:47] [SYSTEM][/u/cabbar31] Username Fetched!
        ->cabbar31
        result: True
[2023/08/15 03:40:47] [SYSTEM][/u/cabbar31] Username Fetched!
        ->cabbar31
        result: True
[2023/08/15 03:40:47] [SYSTEM][/u/cabbar31] Username Fetched!
        ->cabbar31
        result: True
[2023/08/15 03:40:48] [SYSTEM][/u/cabbar31] Username Fetched!
        ->cabbar31
        result: True
[2023/08/15 03:40:52] [SYSTEM][/u/cabbar31] Username Fetched!
        ->cabbar31
        result: True
[2023/08/15 03:40:52] [SYSTEM][/u/cabbar31] Username Fetched!
        ->cabbar31
        result: True
[2023/08/15 03:40:52] [SYSTEM][/u/cabbar31] Username Fetched!
        ->cabbar31
        result: True
[2023/08/15 03:40:52] [SYSTEM][/u/cabbar31] Username Fetched!
        ->cabbar31
        result: True
[2023/08/15 03:40:53] [SYSTEM][/u/cabbar31] Username Fetched!
        ->cabbar31
        result: True
[2023/08/15 03:40:53] [SYSTEM][/u/cabbar31] Username Fetched!
        ->cabbar31
        result: True
[2023/08/15 03:40:57] [SYSTEM][/u/cabbar31] Username Fetched!
        ->cabbar31
        result: True
[2023/08/15 03:40:57] [SYSTEM][/u/cabbar31] Username Fetched!
        ->cabbar31
        result: True
[2023/08/15 03:40:58] [SYSTEM][/u/cabbar31] Username Fetched!
        ->cabbar31
        result: True
[2023/08/15 03:41:13] [SYSTEM][/u/cabbar31] Username Fetched!
        ->cabbar31
        result: True
[2023/08/15 03:41:14] [SYSTEM][/u/cabbar31] Username Fetched!
        ->cabbar31
        result: True
[2023/08/15 03:41:14] [SYSTEM][/u/cabbar31] Username Fetched!
        ->cabbar31
        result: True
[2023/08/15 03:41:14] [SYSTEM][/u/cabbar31] Username Fetched!
        ->cabbar31
        result: True
[2023/08/15 03:41:14] [SYSTEM][/u/cabbar31] Username Fetched!
        ->cabbar31
        result: True
[2023/08/15 03:41:14] [SYSTEM][/u/cabbar31] Username Fetched!
        ->cabbar31
        result: True
[2023/08/15 03:41:15] [SYSTEM][/u/cabbar31] Username Fetched!
        ->cabbar31
        result: True
[2023/08/15 03:41:15] [SYSTEM][/u/cabbar31] Username Fetched!
        ->cabbar31
        result: True
[2023/08/15 03:41:29] [SYSTEM][/u/cabbar31] Username Fetched!
        ->cabbar31
        result: True
[2023/08/15 03:41:29] [SYSTEM][/u/cabbar31] Username Fetched!
        ->cabbar31
        result: True
[2023/08/15 03:41:29] [SYSTEM][/u/cabbar31] Username Fetched!
        ->cabbar31
        result: True
[2023/08/15 03:41:29] [SYSTEM][/u/cabbar31] Username Fetched!
        ->cabbar31
        result: True
[2023/08/15 03:41:30] [SYSTEM][/u/cabbar31] Username Fetched!
        ->cabbar31
        result: True
[2023/08/15 03:41:30] [SYSTEM][/u/cabbar31] Username Fetched!
        ->cabbar31
        result: True
[2023/08/15 03:41:34] [SYSTEM][/u/cabbar31] Username Fetched!
        ->cabbar31
        result: True
[2023/08/15 03:41:34] [SYSTEM][/u/cabbar31] Username Fetched!
        ->cabbar31
        result: True
[2023/08/15 03:41:34] [SYSTEM][/u/cabbar31] Username Fetched!
        ->cabbar31
        result: True
[2023/08/15 03:41:34] [SYSTEM][/u/cabbar31] Username Fetched!
        ->cabbar31
        result: True
[2023/08/15 03:49:37] [SYSTEM][/u/byk1lla] Username Fetched!
        ->byk1lla
        result: True
[2023/08/15 03:49:50] [SYSTEM][/u/byk1lla] Username Fetched!
        ->byk1lla
        result: True
[2023/08/15 03:50:26] [SYSTEM][/u/byk1lla] Username Fetched!
        ->byk1lla
        result: True
[2023/08/15 03:50:47] [SYSTEM][/u/byk1lla] Username Fetched!
        ->byk1lla
        result: True
[2023/08/15 03:50:48] [SYSTEM][/u/byk1lla] Username Fetched!
        ->byk1lla
        result: True
[2023/08/15 03:50:49] [SYSTEM][/u/byk1lla] Username Fetched!
        ->byk1lla
        result: True
[2023/08/15 03:50:49] [SYSTEM][/u/byk1lla] Username Fetched!
        ->byk1lla
        result: True
[2023/08/15 03:50:50] [SYSTEM][/u/byk1lla] Username Fetched!
        ->byk1lla
        result: True
[2023/08/15 03:51:02] [SYSTEM][/u/byk1lla] Username Fetched!
        ->byk1lla
        result: True
[2023/08/15 03:51:03] [SYSTEM][/u/byk1lla] Username Fetched!
        ->byk1lla
        result: True
[2023/08/15 03:51:03] [SYSTEM][/u/byk1lla] Username Fetched!
        ->byk1lla
        result: True
[2023/08/15 03:51:03] [SYSTEM][/u/byk1lla] Username Fetched!
        ->byk1lla
        result: True
[2023/08/15 03:51:04] [SYSTEM][/u/byk1lla] Username Fetched!
        ->byk1lla
        result: True
[2023/08/15 03:51:06] [SYSTEM][/u/byk1lla] Username Fetched!
        ->byk1lla
        result: True
[2023/08/15 03:51:06] [SYSTEM][/u/byk1lla] Username Fetched!
        ->byk1lla
        result: True
[2023/08/15 03:51:06] [SYSTEM][/u/byk1lla] Username Fetched!
        ->byk1lla
        result: True
[2023/08/15 03:51:27] [SYSTEM][/u/byk1lla] Username Fetched!
        ->byk1lla
        result: True
[2023/08/15 03:51:27] [SYSTEM][/u/byk1lla] Username Fetched!
        ->byk1lla
        result: True
[2023/08/15 03:51:27] [SYSTEM][/u/byk1lla] Username Fetched!
        ->byk1lla
        result: True
[2023/08/15 03:51:27] [SYSTEM][/u/byk1lla] Username Fetched!
        ->byk1lla
        result: True
[2023/08/15 03:51:28] [SYSTEM][/u/byk1lla] Username Fetched!
        ->byk1lla
        result: True
[2023/08/15 03:51:28] [SYSTEM][/u/byk1lla] Username Fetched!
        ->byk1lla
        result: True
[2023/08/15 03:51:28] [SYSTEM][/u/byk1lla] Username Fetched!
        ->byk1lla
        result: True
[2023/08/15 03:51:31] [SYSTEM][/u/byk1lla] Username Fetched!
        ->byk1lla
        result: True
[2023/08/15 03:51:31] [SYSTEM][/u/byk1lla] Username Fetched!
        ->byk1lla
        result: True
[2023/08/15 03:51:31] [SYSTEM][/u/byk1lla] Username Fetched!
        ->byk1lla
        result: True
[2023/08/15 03:51:32] [SYSTEM][/u/byk1lla] Username Fetched!
        ->byk1lla
        result: True
[2023/08/15 03:51:36] [SYSTEM][/u/byk1lla] Username Fetched!
        ->byk1lla
        result: True
[2023/08/15 03:51:37] [SYSTEM][/u/byk1lla] Username Fetched!
        ->byk1lla
        result: True
[2023/08/15 03:51:37] [SYSTEM][/u/byk1lla] Username Fetched!
        ->byk1lla
        result: True
[2023/08/15 03:51:37] [SYSTEM][/u/byk1lla] Username Fetched!
        ->byk1lla
        result: True
[2023/08/15 03:51:38] [SYSTEM][/u/byk1lla] Username Fetched!
        ->byk1lla
        result: True
[2023/08/15 03:51:47] [SYSTEM][/u/byk1lla] Username Fetched!
        ->byk1lla
        result: True
[2023/08/15 03:51:47] [SYSTEM][/u/byk1lla] Username Fetched!
        ->byk1lla
        result: True
[2023/08/15 03:51:47] [SYSTEM][/u/byk1lla] Username Fetched!
        ->byk1lla
        result: True
[2023/08/15 03:51:47] [SYSTEM][/u/byk1lla] Username Fetched!
        ->byk1lla
        result: True
[2023/08/15 03:51:48] [SYSTEM][/u/byk1lla] Username Fetched!
        ->byk1lla
        result: True
[2023/08/15 03:51:48] [SYSTEM][/u/byk1lla] Username Fetched!
        ->byk1lla
        result: True
[2023/08/15 03:51:49] [SYSTEM][/u/byk1lla] Username Fetched!
        ->byk1lla
        result: True
[2023/08/15 03:52:17] [SYSTEM][/u/byk1lla] Username Fetched!
        ->byk1lla
        result: True
[2023/08/15 03:52:44] [SYSTEM][/u/byk1lla] Username Fetched!
        ->byk1lla
        result: True
[2023/08/15 03:53:12] [SYSTEM][/u/byk1lla] Username Fetched!
        ->byk1lla
        result: True
