[2023/08/08 10:00:28] [SYSTEM][/u/sxmr007] Username Fetched!
        ->sxmr007
        result: True
[2023/08/08 10:00:51] [SYSTEM][/u/sxmr007] Username Fetched!
        ->sxmr007
        result: True
[2023/08/08 10:01:57] [SYSTEM][/u/sxmr007] Username Fetched!
        ->sxmr007
        result: True
[2023/08/08 10:02:03] [SYSTEM][/u/sxmr007] Username Fetched!
        ->sxmr007
        result: True
[2023/08/08 10:02:03] [SYSTEM][/u/sxmr007] Username Fetched!
        ->sxmr007
        result: True
[2023/08/08 10:02:04] [SYSTEM][/u/sxmr007] Username Fetched!
        ->sxmr007
        result: True
[2023/08/08 10:02:04] [SYSTEM][/u/sxmr007] Username Fetched!
        ->sxmr007
        result: True
[2023/08/08 10:02:04] [SYSTEM][/u/sxmr007] Username Fetched!
        ->sxmr007
        result: True
[2023/08/08 10:02:04] [SYSTEM][/u/sxmr007] Username Fetched!
        ->sxmr007
        result: True
[2023/08/08 10:02:04] [SYSTEM][/u/sxmr007] Username Fetched!
        ->sxmr007
        result: True
[2023/08/08 10:02:05] [SYSTEM][/u/sxmr007] Username Fetched!
        ->sxmr007
        result: True
[2023/08/08 10:02:05] [SYSTEM][/u/sxmr007] Username Fetched!
        ->sxmr007
        result: True
[2023/08/08 10:02:05] [SYSTEM][/u/sxmr007] Username Fetched!
        ->sxmr007
        result: True
[2023/08/08 10:02:05] [SYSTEM][/u/sxmr007] Username Fetched!
        ->sxmr007
        result: True
[2023/08/08 10:02:05] [SYSTEM][/u/sxmr007] Username Fetched!
        ->sxmr007
        result: True
[2023/08/08 10:02:05] [SYSTEM][/u/sxmr007] Username Fetched!
        ->sxmr007
        result: True
[2023/08/08 10:05:37] [SYSTEM][/u/byk1lla] Username Fetched!
        ->byk1lla
        result: True
[2023/08/08 10:05:56] [SYSTEM][/u/byk1lla] Username Fetched!
        ->byk1lla
        result: True
[2023/08/08 10:05:56] [SYSTEM][/u/byk1lla] Username Fetched!
        ->byk1lla
        result: True
[2023/08/08 10:05:57] [SYSTEM][/u/byk1lla] Username Fetched!
        ->byk1lla
        result: True
[2023/08/08 10:05:58] [SYSTEM][/u/byk1lla] Username Fetched!
        ->byk1lla
        result: True
[2023/08/08 10:05:58] [SYSTEM][/u/byk1lla] Username Fetched!
        ->byk1lla
        result: True
[2023/08/08 10:06:54] [SYSTEM][/u/byk1lla] Username Fetched!
        ->byk1lla
        result: True
