[2023/08/07 15:00:38] [SYSTEM][/u/byk1lla] Username Fetched!
        ->byk1lla
        result: True
[2023/08/07 15:03:00] [SYSTEM][/u/byk1lla] Username Fetched!
        ->byk1lla
        result: True
[2023/08/07 15:03:11] [SYSTEM][/u/byk1lla] Username Fetched!
        ->byk1lla
        result: True
[2023/08/07 15:06:12] [SYSTEM][/u/cabbar31] Username Fetched!
        ->cabbar31
        result: True
[2023/08/07 15:07:23] [SYSTEM][/u/cabbar31] Username Fetched!
        ->cabbar31
        result: True
[2023/08/07 15:07:24] [SYSTEM][/u/cabbar31] Username Fetched!
        ->cabbar31
        result: True
[2023/08/07 15:07:24] [SYSTEM][/u/cabbar31] Username Fetched!
        ->cabbar31
        result: True
[2023/08/07 15:07:26] [SYSTEM][/u/cabbar31] Username Fetched!
        ->cabbar31
        result: True
[2023/08/07 15:07:32] [SYSTEM][/u/byk1lla] Username Fetched!
        ->byk1lla
        result: True
[2023/08/07 15:07:37] [SYSTEM][/u/cabbar31] Username Fetched!
        ->cabbar31
        result: True
[2023/08/07 15:07:38] [SYSTEM][/u/byk1lla] Username Fetched!
        ->byk1lla
        result: True
[2023/08/07 15:07:40] [SYSTEM][/u/cabbar31] Username Fetched!
        ->cabbar31
        result: True
[2023/08/07 15:08:18] [SYSTEM][/u/cabbar31] Username Fetched!
        ->cabbar31
        result: True
[2023/08/07 15:10:06] [SYSTEM][/u/cabbar31] Username Fetched!
        ->cabbar31
        result: True
[2023/08/07 16:20:24] [SYSTEM][/u/Khaalesi] Username Fetched!
        ->Khaalesi
        result: True
[2023/08/07 16:21:10] [SYSTEM][/u/Khaalesi] Username Fetched!
        ->Khaalesi
        result: True
[2023/08/07 17:46:16] [SYSTEM][/u/deathwarrior] Username Fetched!
        ->deathwarrior
        result: True
